<?xml version="1.0" encoding="UTF-8"?>
<testng-results ignored="0" total="3" passed="2" failed="1" skipped="0">
  <reporter-output>
    <line>
      <![CDATA[test7-----> Testscript execution started]]>
    </line>
    <line>
      <![CDATA[test7----->Testscript execution successful]]>
    </line>
    <line>
      <![CDATA[test8-----> Testscript execution started]]>
    </line>
    <line>
      <![CDATA[--TestScript Execution failed--]]>
    </line>
    <line>
      <![CDATA[test9-----> Testscript execution started]]>
    </line>
    <line>
      <![CDATA[test9----->Testscript execution successful]]>
    </line>
  </reporter-output>
  <suite started-at="2023-01-13T17:48:49 IST" name="Default suite" finished-at="2023-01-13T17:48:52 IST" duration-ms="3553">
    <groups>
      <group name="regression">
        <method signature="SampleTestforBatchExecTest3.test7()[pri:0, instance:Practice3_Package.SampleTestforBatchExecTest3@20ccf40b]" name="test7" class="Practice3_Package.SampleTestforBatchExecTest3"/>
        <method signature="SampleTestforBatchExecTest3.test8()[pri:0, instance:Practice3_Package.SampleTestforBatchExecTest3@20ccf40b]" name="test8" class="Practice3_Package.SampleTestforBatchExecTest3"/>
        <method signature="SampleTestforBatchExecTest3.test9()[pri:0, instance:Practice3_Package.SampleTestforBatchExecTest3@20ccf40b]" name="test9" class="Practice3_Package.SampleTestforBatchExecTest3"/>
      </group> <!-- regression -->
      <group name="smoke">
        <method signature="SampleTestforBatchExecTest3.test7()[pri:0, instance:Practice3_Package.SampleTestforBatchExecTest3@20ccf40b]" name="test7" class="Practice3_Package.SampleTestforBatchExecTest3"/>
        <method signature="SampleTestforBatchExecTest3.test8()[pri:0, instance:Practice3_Package.SampleTestforBatchExecTest3@20ccf40b]" name="test8" class="Practice3_Package.SampleTestforBatchExecTest3"/>
      </group> <!-- smoke -->
    </groups>
    <test started-at="2023-01-13T17:48:49 IST" name="Default test" finished-at="2023-01-13T17:48:52 IST" duration-ms="3553">
      <class name="Practice3_Package.SampleTestforBatchExecTest3">
        <test-method is-config="true" signature="configureBC()[pri:0, instance:Practice3_Package.SampleTestforBatchExecTest3@20ccf40b]" started-at="2023-01-13T17:48:49 IST" name="configureBC" finished-at="2023-01-13T17:48:51 IST" duration-ms="1772" status="PASS">
          <reporter-output>
          </reporter-output>
        </test-method> <!-- configureBC -->
        <test-method signature="test7()[pri:0, instance:Practice3_Package.SampleTestforBatchExecTest3@20ccf40b]" started-at="2023-01-13T17:48:51 IST" name="test7" finished-at="2023-01-13T17:48:51 IST" duration-ms="16" status="PASS">
          <reporter-output>
            <line>
              <![CDATA[test7-----> Testscript execution started]]>
            </line>
            <line>
              <![CDATA[test7----->Testscript execution successful]]>
            </line>
          </reporter-output>
        </test-method> <!-- test7 -->
        <test-method signature="test8()[pri:0, instance:Practice3_Package.SampleTestforBatchExecTest3@20ccf40b]" started-at="2023-01-13T17:48:51 IST" name="test8" finished-at="2023-01-13T17:48:51 IST" duration-ms="6" status="FAIL">
          <exception class="java.lang.AssertionError">
            <message>
              <![CDATA[null]]>
            </message>
            <full-stacktrace>
              <![CDATA[java.lang.AssertionError: null
at org.testng.Assert.fail(Assert.java:99)
at org.testng.Assert.fail(Assert.java:106)
at Practice3_Package.SampleTestforBatchExecTest3.test8(SampleTestforBatchExecTest3.java:21)
at java.base/jdk.internal.reflect.NativeMethodAccessorImpl.invoke0(Native Method)
at java.base/jdk.internal.reflect.NativeMethodAccessorImpl.invoke(NativeMethodAccessorImpl.java:77)
at java.base/jdk.internal.reflect.DelegatingMethodAccessorImpl.invoke(DelegatingMethodAccessorImpl.java:43)
at java.base/java.lang.reflect.Method.invoke(Method.java:568)
at org.testng.internal.MethodInvocationHelper.invokeMethod(MethodInvocationHelper.java:133)
at org.testng.internal.TestInvoker.invokeMethod(TestInvoker.java:598)
at org.testng.internal.TestInvoker.invokeTestMethod(TestInvoker.java:173)
at org.testng.internal.MethodRunner.runInSequence(MethodRunner.java:46)
at org.testng.internal.TestInvoker$MethodInvocationAgent.invoke(TestInvoker.java:824)
at org.testng.internal.TestInvoker.invokeTestMethods(TestInvoker.java:146)
at org.testng.internal.TestMethodWorker.invokeTestMethods(TestMethodWorker.java:146)
at org.testng.internal.TestMethodWorker.run(TestMethodWorker.java:128)
at java.base/java.util.ArrayList.forEach(ArrayList.java:1511)
at org.testng.TestRunner.privateRun(TestRunner.java:794)
at org.testng.TestRunner.run(TestRunner.java:596)
at org.testng.SuiteRunner.runTest(SuiteRunner.java:377)
at org.testng.SuiteRunner.runSequentially(SuiteRunner.java:371)
at org.testng.SuiteRunner.privateRun(SuiteRunner.java:332)
at org.testng.SuiteRunner.run(SuiteRunner.java:276)
at org.testng.SuiteRunnerWorker.runSuite(SuiteRunnerWorker.java:53)
at org.testng.SuiteRunnerWorker.run(SuiteRunnerWorker.java:96)
at org.testng.TestNG.runSuitesSequentially(TestNG.java:1212)
at org.testng.TestNG.runSuitesLocally(TestNG.java:1134)
at org.testng.TestNG.runSuites(TestNG.java:1063)
at org.testng.TestNG.run(TestNG.java:1031)
at org.testng.remote.AbstractRemoteTestNG.run(AbstractRemoteTestNG.java:115)
at org.testng.remote.RemoteTestNG.initAndRun(RemoteTestNG.java:251)
at org.testng.remote.RemoteTestNG.main(RemoteTestNG.java:77)
]]>
            </full-stacktrace>
          </exception> <!-- java.lang.AssertionError -->
          <reporter-output>
            <line>
              <![CDATA[test8-----> Testscript execution started]]>
            </line>
            <line>
              <![CDATA[--TestScript Execution failed--]]>
            </line>
          </reporter-output>
        </test-method> <!-- test8 -->
        <test-method signature="test9()[pri:0, instance:Practice3_Package.SampleTestforBatchExecTest3@20ccf40b]" started-at="2023-01-13T17:48:52 IST" name="test9" finished-at="2023-01-13T17:48:52 IST" duration-ms="3" status="PASS">
          <reporter-output>
            <line>
              <![CDATA[test9-----> Testscript execution started]]>
            </line>
            <line>
              <![CDATA[test9----->Testscript execution successful]]>
            </line>
          </reporter-output>
        </test-method> <!-- test9 -->
        <test-method is-config="true" signature="configureAC()[pri:0, instance:Practice3_Package.SampleTestforBatchExecTest3@20ccf40b]" started-at="2023-01-13T17:48:52 IST" name="configureAC" finished-at="2023-01-13T17:48:52 IST" duration-ms="152" status="PASS">
          <reporter-output>
          </reporter-output>
        </test-method> <!-- configureAC -->
      </class> <!-- Practice3_Package.SampleTestforBatchExecTest3 -->
    </test> <!-- Default test -->
  </suite> <!-- Default suite -->
</testng-results>
